<?xml version="1.0" encoding="UTF-8"?>
<!-- Generated by org.testng.reporters.JUnitReportReporter -->
<testsuite hostname="Hero-PC" failures="0" tests="7" name="Sample_ProgramTest" time="0.034" errors="0" timestamp="2021-07-11T19:48:46 IST" skipped="0">
  <testcase classname="Sample_ProgramTest" name="Case3" time="0.004"/>
  <system-out/>
  <testcase classname="Sample_ProgramTest" name="Case7" time="0.002"/>
  <system-out/>
  <testcase classname="Sample_ProgramTest" name="Case5" time="0.003"/>
  <system-out/>
  <testcase classname="Sample_ProgramTest" name="Case2" time="0.003"/>
  <system-out/>
  <testcase classname="Sample_ProgramTest" name="Case1" time="0.017"/>
  <system-out/>
  <testcase classname="Sample_ProgramTest" name="Case6" time="0.003"/>
  <system-out/>
  <testcase classname="Sample_ProgramTest" name="Case4" time="0.002"/>
  <system-out/>
</testsuite> <!-- Sample_ProgramTest -->
