<?xml version="1.0" encoding="UTF-8"?>
<!-- Generated by org.testng.reporters.JUnitReportReporter -->
<testsuite hostname="Hero-PC" failures="0" tests="4" name="DataProviderTest" time="0.028" errors="0" timestamp="2021-07-13T11:59:35 IST" skipped="0">
  <testcase classname="DataProviderTest" name="add1Test" time="0.004"/>
  <system-out/>
  <testcase classname="DataProviderTest" name="add1Test" time="0.004"/>
  <system-out/>
  <testcase classname="DataProviderTest" name="add1Test" time="0.017"/>
  <system-out/>
  <testcase classname="DataProviderTest" name="add1Test" time="0.003"/>
  <system-out/>
</testsuite> <!-- DataProviderTest -->
