<?xml version="1.0" encoding="UTF-8"?>
<!-- Generated by org.testng.reporters.JUnitReportReporter -->
<testsuite hostname="Hero-PC" failures="0" tests="2" name="MathServiceTest" time="0.019" errors="0" timestamp="2021-07-13T18:31:40 IST" skipped="0">
  <testcase classname="MathServiceTest" name="mul1Test" time="0.005"/>
  <system-out/>
  <testcase classname="MathServiceTest" name="add1Test" time="0.014"/>
  <system-out/>
</testsuite> <!-- MathServiceTest -->
