<?xml version="1.0" encoding="UTF-8"?>
<!-- Generated by org.testng.reporters.JUnitReportReporter -->
<testsuite hostname="Hero-PC" failures="0" tests="2" name="SampleGroups" time="0.024" errors="0" timestamp="2021-07-13T10:59:54 IST" skipped="0">
  <testcase classname="SampleGroups" name="third" time="0.007"/>
  <system-out/>
  <testcase classname="SampleGroups" name="first" time="0.017"/>
  <system-out/>
</testsuite> <!-- SampleGroups -->
