<?xml version="1.0" encoding="UTF-8"?>
<!-- Generated by org.testng.reporters.JUnitReportReporter -->
<testsuite hostname="Hero-PC" failures="0" tests="1" name="NewTest1" time="0.025" errors="0" timestamp="2021-07-13T10:57:54 IST" skipped="0">
  <testcase classname="NewTest1" name="f" time="0.025"/>
  <system-out/>
</testsuite> <!-- NewTest1 -->
